<?xml version="1.0" encoding="UTF-8"?>
<!-- Generated by org.testng.reporters.JUnitReportReporter -->
<testsuite hostname="Device117" failures="0" tests="3" name="Testngprgms.TestNGprgm" time="0.013" errors="0" timestamp="2024-09-06T12:15:32 IST" skipped="1">
  <testcase classname="Testngprgms.TestNGprgm" name="Test4" time="0.012"/>
  <system-out/>
  <testcase classname="Testngprgms.TestNGprgm" name="Test2" time="0.001"/>
  <system-out/>
  <testcase classname="Testngprgms.TestNGprgm" name="Test5">
    <skipped/>
  </testcase> <!-- Test5 -->
  <system-out/>
</testsuite> <!-- Testngprgms.TestNGprgm -->
