<?xml version="1.0" encoding="UTF-8"?>
<!-- Generated by org.testng.reporters.JUnitReportReporter -->
<testsuite hostname="Device117" failures="0" tests="1" name="Testngprgms.parametermrgm1" time="0.017" errors="0" timestamp="2024-09-06T12:29:39 IST" skipped="0">
  <testcase classname="Testngprgms.parametermrgm1" name="test" time="0.017"/>
  <system-out/>
</testsuite> <!-- Testngprgms.parametermrgm1 -->
