<?xml version="1.0" encoding="UTF-8"?>
<!-- Generated by org.testng.reporters.JUnitReportReporter -->
<testsuite hostname="Device117" failures="0" tests="1" name="Testpkg.Fblogin" time="0.228" errors="0" timestamp="2024-09-25T20:31:14 IST" skipped="0">
  <testcase classname="Testpkg.Fblogin" name="test1" time="0.228"/>
  <system-out/>
</testsuite> <!-- Testpkg.Fblogin -->
