<?xml version="1.0" encoding="UTF-8"?>
<!-- Generated by org.testng.reporters.JUnitReportReporter -->
<testsuite hostname="Device117" failures="0" tests="1" name="Testngprgms.Fileuploadrobot" time="3.223" errors="0" timestamp="2024-09-19T20:33:04 IST" skipped="0">
  <testcase classname="Testngprgms.Fileuploadrobot" name="test1" time="3.223"/>
  <system-out/>
</testsuite> <!-- Testngprgms.Fileuploadrobot -->
