<?xml version="1.0" encoding="UTF-8"?>
<!-- Generated by org.testng.reporters.JUnitReportReporter -->
<testsuite hostname="Device117" failures="0" tests="1" name="Testngprgms.Copypaste" time="0.508" errors="0" timestamp="2024-09-10T20:01:21 IST" skipped="0">
  <testcase classname="Testngprgms.Copypaste" name="test" time="0.508"/>
  <system-out/>
</testsuite> <!-- Testngprgms.Copypaste -->
