<?xml version="1.0" encoding="UTF-8"?>
<!-- Generated by org.testng.reporters.JUnitReportReporter -->
<testsuite hostname="Device117" failures="0" tests="2" name="Testngprgms.Janasya" time="1.214" errors="0" timestamp="2024-09-20T21:07:33 IST" skipped="0">
  <testcase classname="Testngprgms.Janasya" name="test" time="1.163"/>
  <system-out/>
  <testcase classname="Testngprgms.Janasya" name="test1" time="0.051"/>
  <system-out/>
</testsuite> <!-- Testngprgms.Janasya -->
