<?xml version="1.0" encoding="UTF-8"?>
<!-- Generated by org.testng.reporters.JUnitReportReporter -->
<testsuite hostname="Device117" failures="0" tests="1" name="Testngprgms.Windowhandle" time="7.362" errors="0" timestamp="2024-09-24T11:46:11 IST" skipped="0">
  <testcase classname="Testngprgms.Windowhandle" name="test" time="7.362"/>
  <system-out/>
</testsuite> <!-- Testngprgms.Windowhandle -->
